GET /src/icon/flaticon.css 200 2798 - 6.986 ms
GET /product 200 2 - 54.372 ms
GET /product 200 2 - 31.934 ms
GET /src/icon/flaticon.css 304 - - 5.316 ms
GET /product 200 2 - 45.372 ms
GET /product 200 2 - 76.039 ms
GET /product 200 2 - 30.688 ms
GET /products 200 2798 - 2.982 ms
GET /product 200 2 - 32.766 ms
GET /product 200 2 - 48.883 ms
GET /product 200 2 - 31.751 ms
GET /products 200 2798 - 3.409 ms
GET /product 200 2 - 30.846 ms
GET /product 200 2 - 36.830 ms
GET /src/icon/flaticon.css 304 - - 6.276 ms
GET /product 200 2 - 21.733 ms
GET /product 200 2 - 38.176 ms
GET /product 200 2 - 20.445 ms
GET /product 200 2 - 22.988 ms
GET /product 200 2 - 17.547 ms
GET /product 200 2 - 19.961 ms
GET /product 200 2 - 21.089 ms
GET /product 200 2 - 20.656 ms
GET /product 200 2 - 20.038 ms
GET /product 304 - - 19.527 ms
GET /api/productFilter?type=womans 200 2798 - 3.396 ms
GET /src/icon/flaticon.css 304 - - 2.974 ms
GET /product 200 2 - 19.748 ms
GET /api/productFilter?type=mens 200 2798 - 0.453 ms
GET /src/icon/flaticon.css 304 - - 2.727 ms
GET /product 200 2 - 19.550 ms
GET / 200 11 - 7.585 ms
GET /favicon.ico 200 2798 - 4.653 ms
GET /product 200 2 - 36.230 ms
GET /favicon.ico 304 - - 1.023 ms
GET /product 304 - - 32.685 ms
GET /favicon.ico 200 2798 - 7.807 ms
GET /product/ 200 2 - 20.526 ms
GET /favicon.ico 304 - - 1.143 ms
GET /product/ 304 - - 19.743 ms
GET /favicon.ico 200 2798 - 1.058 ms
GET /product/ 304 - - 30.913 ms
GET /favicon.ico 200 2798 - 8.060 ms
GET /product/ 304 - - 32.918 ms
GET /favicon.ico 200 2798 - 3.890 ms
GET /product 304 - - 23.649 ms
GET /favicon.ico 304 - - 1.730 ms
GET /product 304 - - 35.554 ms
GET /favicon.ico 200 2798 - 7.030 ms
GET /src/icon/flaticon.css 304 - - 3.527 ms
GET /product 200 2 - 21.420 ms
GET /src/icon/flaticon.css 304 - - 2.386 ms
GET /product 200 2 - 22.573 ms
GET /product 304 - - 21.015 ms
GET /favicon.ico 200 2798 - 2.015 ms
GET /product - - - - ms
GET / 200 2 - 44.125 ms
GET /favicon.ico 304 - - 3.646 ms
GET / 200 2798 - 4.437 ms
GET /src/icon/flaticon.css 200 2798 - 17.911 ms
GET /%PUBLIC_URL%/manifest.json 400 2488 - 1.646 ms
GET /%PUBLIC_URL%/favicon.ico 400 2486 - 0.709 ms
GET / 304 - - 0.585 ms
GET /src/icon/flaticon.css 304 - - 1.706 ms
GET /%PUBLIC_URL%/manifest.json 400 2488 - 0.589 ms
GET /%PUBLIC_URL%/favicon.ico 400 2486 - 0.813 ms
GET / 304 - - 1.719 ms
GET /src/icon/flaticon.css 304 - - 1.010 ms
GET /%PUBLIC_URL%/favicon.ico 400 2486 - 0.565 ms
GET /%PUBLIC_URL%/manifest.json 400 2488 - 1.489 ms
GET /contacts 200 2798 - 1.194 ms
GET /src/icon/flaticon.css 304 - - 0.311 ms
GET /%PUBLIC_URL%/manifest.json 400 2488 - 0.617 ms
GET /%PUBLIC_URL%/favicon.ico 400 2486 - 0.408 ms
GET /product 200 2 - 38.443 ms
GET /favicon.ico 304 - - 1.257 ms
GET /src/icon/flaticon.css 304 - - 23.229 ms
GET /product 200 2286 - 74.470 ms
GET /api/productFilter?type=womans 304 - - 0.451 ms
GET /src/icon/flaticon.css 304 - - 3.723 ms
GET /product 200 2286 - 29.134 ms
GET /api/contactInfo 200 2798 - 6.949 ms
GET /src/icon/flaticon.css 304 - - 1.051 ms
GET /product 304 - - 145.151 ms
GET /src/icon/flaticon.css 304 - - 12.873 ms
GET /product 200 2286 - 49.692 ms
GET /api/contactInfo 304 - - 1.169 ms
GET /src/icon/flaticon.css 304 - - 5.775 ms
GET /api/contactInfo 304 - - 3.141 ms
GET /src/icon/flaticon.css 304 - - 9.937 ms
GET /contact 200 1734 - 51.947 ms
GET /src/icon/flaticon.css 304 - - 2.659 ms
GET /contact 200 1734 - 29.809 ms
GET /src/icon/flaticon.css 304 - - 0.190 ms
GET /contact 200 1734 - 25.334 ms
GET /product 304 - - 27.844 ms
GET /contact 304 - - 23.709 ms
GET /src/icon/flaticon.css 200 2798 - 8.696 ms
GET /product 200 2286 - 65.859 ms
GET /api/product 200 2798 - 0.859 ms
GET /product 200 2286 - 42.009 ms
GET /contact 200 1734 - 28.126 ms
GET /product 304 - - 37.474 ms
GET /api/productFilter?type=womans 304 - - 0.682 ms
GET /contact 304 - - 35.534 ms
GET /product 304 - - 35.019 ms
GET /src/icon/flaticon.css 304 - - 0.554 ms
GET /product 200 2286 - 35.764 ms
GET /src/icon/flaticon.css 304 - - 5.380 ms
GET /src/icon/flaticon.css 304 - - 6.954 ms
GET /src/icon/flaticon.css 304 - - 5.533 ms
GET /product 200 2286 - 47.753 ms
